<?xml version="1.0" encoding="UTF-8"?>
<!-- Generated by org.testng.reporters.JUnitReportReporter -->
<testsuite hostname="Machine-031" failures="0" tests="1" name="LeftMenuTest" time="13.470" errors="0" timestamp="2022-04-17T22:36:40 EEST" skipped="0">
  <testcase classname="LeftMenuTest" name="menuListTest2" time="13.470"/>
</testsuite> <!-- LeftMenuTest -->
